<?xml version="1.0" encoding="UTF-8"?>
<!-- Generated by org.testng.reporters.JUnitXMLReporter -->
<testsuite hostname="Rani21" ignored="0" name="Cucumber Runner" tests="2" failures="2" timestamp="2022-06-21T17:56:57 IST" time="40.59" errors="0">
  <testcase name="runScenario" time="38.897" classname="io.cucumber.testng.AbstractTestNGCucumberTests">
    <failure type="java.lang.AssertionError" message="The following asserts failed:
	Application is not launched ">
      <![CDATA[java.lang.AssertionError: The following asserts failed:
Application is not launched 
at amazon.managers.WebDriverManager.logFailure(WebDriverManager.java:254)
at amazon.managers.WebDriverManager.navigate(WebDriverManager.java:99)
at pages.AmazonHome_Page.launchBrowser(AmazonHome_Page.java:18)
at steps.BuyTv.i_want_to_lunch_url_website_in_browser_browser(BuyTv.java:33)
at ✽.I want to lunch <url> website in <browser> browser(file:///C:/Users/spata/eclipse-workspace/Manoj_Assignment/src/test/resources/amazon.feature:42)
... Removed 2 stack frames]]>
    </failure>
  </testcase> <!-- runScenario -->
  <testcase name="runScenario" time="38.895" classname="io.cucumber.testng.AbstractTestNGCucumberTests">
    <failure type="java.lang.AssertionError" message="The following asserts failed:
	Application is not launched ">
      <![CDATA[java.lang.AssertionError: The following asserts failed:
Application is not launched 
at amazon.managers.WebDriverManager.logFailure(WebDriverManager.java:254)
at amazon.managers.WebDriverManager.navigate(WebDriverManager.java:99)
at pages.AmazonHome_Page.launchBrowser(AmazonHome_Page.java:18)
at steps.BuyTv.i_want_to_lunch_url_website_in_browser_browser(BuyTv.java:33)
at ✽.I want to lunch <url> website in <browser> browser(file:///C:/Users/spata/eclipse-workspace/Manoj_Assignment/src/test/resources/amazon.feature:26)
... Removed 2 stack frames]]>
    </failure>
  </testcase> <!-- runScenario -->
</testsuite> <!-- Cucumber Runner -->
