<html>
<head>
<title>TestNG:  Cucumber Runner</title>
<link href="../testng.css" rel="stylesheet" type="text/css" />
<link href="../my-testng.css" rel="stylesheet" type="text/css" />

<style type="text/css">
.log { display: none;} 
.stack-trace { display: none;} 
</style>
<script type="text/javascript">
<!--
function flip(e) {
  current = e.style.display;
  if (current == 'block') {
    e.style.display = 'none';
    return 0;
  }
  else {
    e.style.display = 'block';
    return 1;
  }
}

function toggleBox(szDivId, elem, msg1, msg2)
{
  var res = -1;  if (document.getElementById) {
    res = flip(document.getElementById(szDivId));
  }
  else if (document.all) {
    // this is the way old msie versions work
    res = flip(document.all[szDivId]);
  }
  if(elem) {
    if(res == 0) elem.innerHTML = msg1; else elem.innerHTML = msg2;
  }

}

function toggleAllBoxes() {
  if (document.getElementsByTagName) {
    d = document.getElementsByTagName('div');
    for (i = 0; i < d.length; i++) {
      if (d[i].className == 'log') {
        flip(d[i]);
      }
    }
  }
}

// -->
</script>

</head>
<body>
<h2 align='center'>Cucumber Runner</h2><table border='1' align="center">
<tr>
<td>Tests passed/Failed/Skipped:</td><td>0/2/0</td>
</tr><tr>
<td>Started on:</td><td>Tue Jun 21 17:56:16 IST 2022</td>
</tr>
<tr><td>Total time:</td><td>40 seconds (40590 ms)</td>
</tr><tr>
<td>Included groups:</td><td></td>
</tr><tr>
<td>Excluded groups:</td><td></td>
</tr>
</table><p/>
<small><i>(Hover the method name to see the test class name)</i></small><p/>
<table width='100%' border='1' class='invocation-failed'>
<tr><td colspan='4' align='center'><b>FAILED TESTS</b></td></tr>
<tr><td><b>Test method</b></td>
<td width="30%"><b>Exception</b></td>
<td width="10%"><b>Time (seconds)</b></td>
<td><b>Instance</b></td>
</tr>
<tr>
<td title='amazon.runner.MyRunner.runScenario()'><b>runScenario</b><br>Test class: amazon.runner.MyRunner<br>Test method: Runs Cucumber Scenarios<br>Parameters: "Buy a second highest priced  TV from amzon", "Optional[Verify Department section]"</td>
<td><div><pre>java.lang.AssertionError: The following asserts failed:
	Application is not launched 
	at amazon.managers.WebDriverManager.logFailure(WebDriverManager.java:254)
	at amazon.managers.WebDriverManager.navigate(WebDriverManager.java:99)
	at pages.AmazonHome_Page.launchBrowser(AmazonHome_Page.java:18)
	at steps.BuyTv.i_want_to_lunch_url_website_in_browser_browser(BuyTv.java:33)
	at ?.I want to lunch &lt;url&gt; website in &lt;browser&gt; browser(file:///C:/Users/spata/eclipse-workspace/Manoj_Assignment/src/test/resources/amazon.feature:42)
... Removed 2 stack frames</pre></div><a href='#' onClick='toggleBox("stack-trace1777274943", this, "Click to show all stack frames", "Click to hide stack frames")'>Click to show all stack frames</a>
<div class='stack-trace' id='stack-trace1777274943'><pre>java.lang.AssertionError: The following asserts failed:
	Application is not launched 
	at org.testng.asserts.SoftAssert.assertAll(SoftAssert.java:47)
	at org.testng.asserts.SoftAssert.assertAll(SoftAssert.java:31)
	at amazon.managers.WebDriverManager.logFailure(WebDriverManager.java:254)
	at amazon.managers.WebDriverManager.navigate(WebDriverManager.java:99)
	at pages.AmazonHome_Page.launchBrowser(AmazonHome_Page.java:18)
	at steps.BuyTv.i_want_to_lunch_url_website_in_browser_browser(BuyTv.java:33)
	at ?.I want to lunch &lt;url&gt; website in &lt;browser&gt; browser(file:///C:/Users/spata/eclipse-workspace/Manoj_Assignment/src/test/resources/amazon.feature:42)
</pre></div></td>
<td>38</td>
<td>amazon.runner.MyRunner@335eadca</td></tr>
<tr>
<td title='amazon.runner.MyRunner.runScenario()'><b>runScenario</b><br>Test class: amazon.runner.MyRunner<br>Test method: Runs Cucumber Scenarios<br>Parameters: "Buy a second highest priced  TV from amzon", "Optional[Verify Department section]"</td>
<td><div><pre>java.lang.AssertionError: The following asserts failed:
	Application is not launched 
	at amazon.managers.WebDriverManager.logFailure(WebDriverManager.java:254)
	at amazon.managers.WebDriverManager.navigate(WebDriverManager.java:99)
	at pages.AmazonHome_Page.launchBrowser(AmazonHome_Page.java:18)
	at steps.BuyTv.i_want_to_lunch_url_website_in_browser_browser(BuyTv.java:33)
	at ?.I want to lunch &lt;url&gt; website in &lt;browser&gt; browser(file:///C:/Users/spata/eclipse-workspace/Manoj_Assignment/src/test/resources/amazon.feature:26)
... Removed 2 stack frames</pre></div><a href='#' onClick='toggleBox("stack-trace1184776212", this, "Click to show all stack frames", "Click to hide stack frames")'>Click to show all stack frames</a>
<div class='stack-trace' id='stack-trace1184776212'><pre>java.lang.AssertionError: The following asserts failed:
	Application is not launched 
	at org.testng.asserts.SoftAssert.assertAll(SoftAssert.java:47)
	at org.testng.asserts.SoftAssert.assertAll(SoftAssert.java:31)
	at amazon.managers.WebDriverManager.logFailure(WebDriverManager.java:254)
	at amazon.managers.WebDriverManager.navigate(WebDriverManager.java:99)
	at pages.AmazonHome_Page.launchBrowser(AmazonHome_Page.java:18)
	at steps.BuyTv.i_want_to_lunch_url_website_in_browser_browser(BuyTv.java:33)
	at ?.I want to lunch &lt;url&gt; website in &lt;browser&gt; browser(file:///C:/Users/spata/eclipse-workspace/Manoj_Assignment/src/test/resources/amazon.feature:26)
</pre></div></td>
<td>38</td>
<td>amazon.runner.MyRunner@335eadca</td></tr>
</table><p>
</body>
</html>